info: Example app listening on port undefined! || timestamp: 22-09-2023 1:45:52 PM 
warn: Server started at with Environment :: dev || timestamp: 22-09-2023 1:46:54 PM 
info: Example app listening on port 1600! || timestamp: 22-09-2023 1:46:55 PM 
warn: DEV-Database connection Successfull || timestamp: 22-09-2023 1:46:55 PM 
warn: Server started at with Environment :: dev || timestamp: 22-09-2023 1:47:25 PM 
info: Example app listening on port 1600! || timestamp: 22-09-2023 1:47:26 PM 
warn: DEV-Database connection Successfull || timestamp: 22-09-2023 1:47:26 PM 
info: Unauthorized request || timestamp: 22-09-2023 1:47:31 PM 
warn: Server started at with Environment :: dev || timestamp: 22-09-2023 1:47:41 PM 
info: Example app listening on port 1600! || timestamp: 22-09-2023 1:47:42 PM 
warn: DEV-Database connection Successfull || timestamp: 22-09-2023 1:47:42 PM 
info: Get Contact hit Received || timestamp: 22-09-2023 1:47:45 PM 
info: Data Getting Success from Contact || timestamp: 22-09-2023 1:47:45 PM 
info: Get Contact hit Received || timestamp: 22-09-2023 1:50:52 PM 
info: Data Getting Success from Contact || timestamp: 22-09-2023 1:50:52 PM 
info: Get Contact hit Received || timestamp: 22-09-2023 1:50:53 PM 
info: Data Getting Success from Contact || timestamp: 22-09-2023 1:50:53 PM 
info: Get Contact hit Received || timestamp: 22-09-2023 1:52:39 PM 
info: Data Getting Success from Contact || timestamp: 22-09-2023 1:52:39 PM 
info: Get Contact hit Received || timestamp: 22-09-2023 1:52:39 PM 
info: Data Getting Success from Contact || timestamp: 22-09-2023 1:52:39 PM 
info: Get Contact hit Received || timestamp: 22-09-2023 1:52:42 PM 
info: Data Getting Success from Contact || timestamp: 22-09-2023 1:52:42 PM 
info: Get Contact hit Received || timestamp: 22-09-2023 1:53:24 PM 
info: Data Getting Success from Contact || timestamp: 22-09-2023 1:53:24 PM 
info: Get Contact hit Received || timestamp: 22-09-2023 1:53:25 PM 
info: Data Getting Success from Contact || timestamp: 22-09-2023 1:53:25 PM 
info: Get Contact hit Received || timestamp: 22-09-2023 1:53:47 PM 
info: Data Getting Success from Contact || timestamp: 22-09-2023 1:53:47 PM 
info: Get Contact hit Received || timestamp: 22-09-2023 1:53:48 PM 
info: Data Getting Success from Contact || timestamp: 22-09-2023 1:53:48 PM 
info: Get Contact hit Received || timestamp: 22-09-2023 1:53:54 PM 
info: Data Getting Success from Contact || timestamp: 22-09-2023 1:53:54 PM 
info: Get Contact hit Received || timestamp: 22-09-2023 1:54:3 PM 
info: Data Getting Success from Contact || timestamp: 22-09-2023 1:54:3 PM 
info: Get Contact hit Received || timestamp: 22-09-2023 1:54:4 PM 
info: Data Getting Success from Contact || timestamp: 22-09-2023 1:54:4 PM 
info: Get Contact hit Received || timestamp: 22-09-2023 2:32:49 PM 
info: Data Getting Success from Contact || timestamp: 22-09-2023 2:32:49 PM 
info: Get Contact hit Received || timestamp: 22-09-2023 2:33:11 PM 
info: Data Getting Success from Contact || timestamp: 22-09-2023 2:33:11 PM 
info: Get Contact hit Received || timestamp: 22-09-2023 2:33:33 PM 
info: Data Getting Success from Contact || timestamp: 22-09-2023 2:33:33 PM 
info: Get Contact hit Received || timestamp: 22-09-2023 2:34:18 PM 
info: Data Getting Success from Contact || timestamp: 22-09-2023 2:34:19 PM 
info: Get Contact hit Received || timestamp: 22-09-2023 2:40:44 PM 
info: Data Getting Success from Contact || timestamp: 22-09-2023 2:40:44 PM 
info: Get Contact hit Received || timestamp: 22-09-2023 2:44:26 PM 
info: Data Getting Success from Contact || timestamp: 22-09-2023 2:44:26 PM 
info: Get Contact hit Received || timestamp: 22-09-2023 2:44:36 PM 
info: Data Getting Success from Contact || timestamp: 22-09-2023 2:44:36 PM 
info: Get Contact hit Received || timestamp: 22-09-2023 2:45:5 PM 
info: Data Getting Success from Contact || timestamp: 22-09-2023 2:45:5 PM 
info: Get Contact hit Received || timestamp: 22-09-2023 2:45:11 PM 
info: Data Getting Success from Contact || timestamp: 22-09-2023 2:45:11 PM 
info: Get Contact hit Received || timestamp: 22-09-2023 2:45:35 PM 
info: Data Getting Success from Contact || timestamp: 22-09-2023 2:45:35 PM 
info: Get Contact hit Received || timestamp: 22-09-2023 2:47:6 PM 
info: Data Getting Success from Contact || timestamp: 22-09-2023 2:47:6 PM 
info: Get Contact hit Received || timestamp: 22-09-2023 2:47:32 PM 
info: Data Getting Success from Contact || timestamp: 22-09-2023 2:47:32 PM 
info: Get Contact hit Received || timestamp: 22-09-2023 2:51:15 PM 
info: Data Getting Success from Contact || timestamp: 22-09-2023 2:51:15 PM 
info: Get Contact hit Received || timestamp: 22-09-2023 2:52:12 PM 
info: Data Getting Success from Contact || timestamp: 22-09-2023 2:52:12 PM 
info: Get Contact hit Received || timestamp: 22-09-2023 2:52:22 PM 
info: Data Getting Success from Contact || timestamp: 22-09-2023 2:52:22 PM 
info: Get Contact hit Received || timestamp: 22-09-2023 2:53:27 PM 
info: Data Getting Success from Contact || timestamp: 22-09-2023 2:53:27 PM 
info: Get Contact hit Received || timestamp: 22-09-2023 2:54:56 PM 
info: Data Getting Success from Contact || timestamp: 22-09-2023 2:54:56 PM 
info: Get Contact hit Received || timestamp: 22-09-2023 2:56:28 PM 
info: Data Getting Success from Contact || timestamp: 22-09-2023 2:56:28 PM 
info: Get Contact hit Received || timestamp: 22-09-2023 2:56:59 PM 
info: Data Getting Success from Contact || timestamp: 22-09-2023 2:56:59 PM 
info: Get Contact hit Received || timestamp: 22-09-2023 2:57:16 PM 
info: Data Getting Success from Contact || timestamp: 22-09-2023 2:57:16 PM 
info: Get Contact hit Received || timestamp: 22-09-2023 2:57:54 PM 
info: Data Getting Success from Contact || timestamp: 22-09-2023 2:57:54 PM 
info: Get Contact hit Received || timestamp: 22-09-2023 2:58:27 PM 
info: Data Getting Success from Contact || timestamp: 22-09-2023 2:58:27 PM 
info: Get Contact hit Received || timestamp: 22-09-2023 2:59:3 PM 
info: Data Getting Success from Contact || timestamp: 22-09-2023 2:59:3 PM 
info: Get Contact hit Received || timestamp: 22-09-2023 2:59:42 PM 
info: Data Getting Success from Contact || timestamp: 22-09-2023 2:59:42 PM 
info: Get Contact hit Received || timestamp: 22-09-2023 3:00:20 PM 
info: Data Getting Success from Contact || timestamp: 22-09-2023 3:00:21 PM 
info: Get Contact hit Received || timestamp: 22-09-2023 3:00:25 PM 
info: Data Getting Success from Contact || timestamp: 22-09-2023 3:00:25 PM 
info: Get Contact hit Received || timestamp: 22-09-2023 3:21:2 PM 
info: Data Getting Success from Contact || timestamp: 22-09-2023 3:21:2 PM 
info: Get Contact hit Received || timestamp: 22-09-2023 3:21:5 PM 
info: Data Getting Success from Contact || timestamp: 22-09-2023 3:21:5 PM 
info: Get Contact hit Received || timestamp: 22-09-2023 3:21:28 PM 
info: Get Contact hit Received || timestamp: 22-09-2023 3:21:28 PM 
info: Data Getting Success from Contact || timestamp: 22-09-2023 3:21:28 PM 
info: Data Getting Success from Contact || timestamp: 22-09-2023 3:21:28 PM 
info: Get Contact hit Received || timestamp: 22-09-2023 3:37:30 PM 
info: Data Getting Success from Contact || timestamp: 22-09-2023 3:37:30 PM 
info: Get Contact hit Received || timestamp: 22-09-2023 3:37:44 PM 
info: Data Getting Success from Contact || timestamp: 22-09-2023 3:37:44 PM 
info: Get Contact hit Received || timestamp: 22-09-2023 3:45:57 PM 
info: Data Getting Success from Contact || timestamp: 22-09-2023 3:45:57 PM 
info: Get Contact hit Received || timestamp: 22-09-2023 3:45:57 PM 
info: Data Getting Success from Contact || timestamp: 22-09-2023 3:45:57 PM 
info: Get Contact hit Received || timestamp: 22-09-2023 3:48:38 PM 
info: Data Getting Success from Contact || timestamp: 22-09-2023 3:48:38 PM 
info: Get Contact hit Received || timestamp: 22-09-2023 3:48:39 PM 
info: Data Getting Success from Contact || timestamp: 22-09-2023 3:48:39 PM 
info: Get Contact hit Received || timestamp: 22-09-2023 3:49:19 PM 
info: Data Getting Success from Contact || timestamp: 22-09-2023 3:49:19 PM 
info: Get Contact hit Received || timestamp: 22-09-2023 3:49:20 PM 
info: Data Getting Success from Contact || timestamp: 22-09-2023 3:49:20 PM 
info: Get Contact hit Received || timestamp: 22-09-2023 3:49:43 PM 
info: Data Getting Success from Contact || timestamp: 22-09-2023 3:49:43 PM 
info: Get Contact hit Received || timestamp: 22-09-2023 3:49:44 PM 
info: Data Getting Success from Contact || timestamp: 22-09-2023 3:49:44 PM 
info: Get Contact hit Received || timestamp: 22-09-2023 3:50:44 PM 
info: Data Getting Success from Contact || timestamp: 22-09-2023 3:50:44 PM 
info: Get Contact hit Received || timestamp: 22-09-2023 3:50:45 PM 
info: Data Getting Success from Contact || timestamp: 22-09-2023 3:50:45 PM 
info: Get Contact hit Received || timestamp: 22-09-2023 3:50:48 PM 
info: Data Getting Success from Contact || timestamp: 22-09-2023 3:50:48 PM 
info: Get Contact hit Received || timestamp: 22-09-2023 3:50:49 PM 
info: Data Getting Success from Contact || timestamp: 22-09-2023 3:50:49 PM 
info: Get Contact hit Received || timestamp: 22-09-2023 3:50:59 PM 
info: Data Getting Success from Contact || timestamp: 22-09-2023 3:50:59 PM 
info: Get Contact hit Received || timestamp: 22-09-2023 3:51:0 PM 
info: Data Getting Success from Contact || timestamp: 22-09-2023 3:51:0 PM 
info: Get Contact hit Received || timestamp: 22-09-2023 3:51:19 PM 
info: Data Getting Success from Contact || timestamp: 22-09-2023 3:51:19 PM 
info: Get Contact hit Received || timestamp: 22-09-2023 3:52:49 PM 
info: Data Getting Success from Contact || timestamp: 22-09-2023 3:52:49 PM 
info: Get Contact hit Received || timestamp: 22-09-2023 4:07:41 PM 
info: Get Contact hit Received || timestamp: 22-09-2023 4:07:41 PM 
info: Data Getting Success from Contact || timestamp: 22-09-2023 4:07:41 PM 
info: Data Getting Success from Contact || timestamp: 22-09-2023 4:07:41 PM 
info: Get Contact hit Received || timestamp: 22-09-2023 4:07:46 PM 
info: Data Getting Success from Contact || timestamp: 22-09-2023 4:07:46 PM 
info: Get Contact hit Received || timestamp: 22-09-2023 4:07:56 PM 
info: Data Getting Success from Contact || timestamp: 22-09-2023 4:07:56 PM 
info: Get Contact hit Received || timestamp: 22-09-2023 4:08:36 PM 
info: Data Getting Success from Contact || timestamp: 22-09-2023 4:08:36 PM 
info: Get Contact hit Received || timestamp: 22-09-2023 4:09:54 PM 
info: Data Getting Success from Contact || timestamp: 22-09-2023 4:09:54 PM 
info: Get Contact hit Received || timestamp: 22-09-2023 4:09:58 PM 
info: Data Getting Success from Contact || timestamp: 22-09-2023 4:09:58 PM 
info: Get Contact hit Received || timestamp: 22-09-2023 4:10:45 PM 
info: Data Getting Success from Contact || timestamp: 22-09-2023 4:10:45 PM 
info: Get Contact hit Received || timestamp: 22-09-2023 4:10:46 PM 
info: Data Getting Success from Contact || timestamp: 22-09-2023 4:10:46 PM 
info: Get Contact hit Received || timestamp: 22-09-2023 4:10:57 PM 
info: Data Getting Success from Contact || timestamp: 22-09-2023 4:10:57 PM 
info: Get Contact hit Received || timestamp: 22-09-2023 4:10:58 PM 
info: Data Getting Success from Contact || timestamp: 22-09-2023 4:10:58 PM 
info: Get Contact hit Received || timestamp: 22-09-2023 4:11:7 PM 
info: Data Getting Success from Contact || timestamp: 22-09-2023 4:11:7 PM 
info: Get Contact hit Received || timestamp: 22-09-2023 4:11:8 PM 
info: Data Getting Success from Contact || timestamp: 22-09-2023 4:11:8 PM 
info: Get Contact hit Received || timestamp: 22-09-2023 4:11:16 PM 
info: Data Getting Success from Contact || timestamp: 22-09-2023 4:11:16 PM 
info: Get Contact hit Received || timestamp: 22-09-2023 4:11:17 PM 
info: Data Getting Success from Contact || timestamp: 22-09-2023 4:11:17 PM 
info: Get Contact hit Received || timestamp: 22-09-2023 4:11:19 PM 
info: Data Getting Success from Contact || timestamp: 22-09-2023 4:11:19 PM 
info: Get Contact hit Received || timestamp: 22-09-2023 4:38:42 PM 
info: Data Getting Success from Contact || timestamp: 22-09-2023 4:38:43 PM 
info: Get Contact hit Received || timestamp: 22-09-2023 4:39:0 PM 
info: Data Getting Success from Contact || timestamp: 22-09-2023 4:39:0 PM 
info: Get Contact hit Received || timestamp: 22-09-2023 4:39:52 PM 
info: Get Contact hit Received || timestamp: 22-09-2023 4:39:52 PM 
info: Data Getting Success from Contact || timestamp: 22-09-2023 4:39:52 PM 
info: Data Getting Success from Contact || timestamp: 22-09-2023 4:39:52 PM 
info: Get Contact hit Received || timestamp: 22-09-2023 4:41:16 PM 
info: Get Contact hit Received || timestamp: 22-09-2023 4:41:16 PM 
info: Data Getting Success from Contact || timestamp: 22-09-2023 4:41:16 PM 
info: Data Getting Success from Contact || timestamp: 22-09-2023 4:41:17 PM 
info: Get Contact hit Received || timestamp: 22-09-2023 4:42:54 PM 
info: Data Getting Success from Contact || timestamp: 22-09-2023 4:42:54 PM 
info: Get Contact hit Received || timestamp: 22-09-2023 4:42:54 PM 
info: Data Getting Success from Contact || timestamp: 22-09-2023 4:42:54 PM 
info: Get Contact hit Received || timestamp: 22-09-2023 4:42:54 PM 
info: Data Getting Success from Contact || timestamp: 22-09-2023 4:42:55 PM 
info: Get Contact hit Received || timestamp: 22-09-2023 4:44:48 PM 
info: Data Getting Success from Contact || timestamp: 22-09-2023 4:44:48 PM 
info: Get Contact hit Received || timestamp: 22-09-2023 4:44:48 PM 
info: Data Getting Success from Contact || timestamp: 22-09-2023 4:44:48 PM 
info: Get Contact hit Received || timestamp: 22-09-2023 4:44:54 PM 
info: Data Getting Success from Contact || timestamp: 22-09-2023 4:44:54 PM 
info: Get Contact hit Received || timestamp: 22-09-2023 5:15:2 PM 
info: Data Getting Success from Contact || timestamp: 22-09-2023 5:15:2 PM 
info: Get Contact hit Received || timestamp: 22-09-2023 5:15:2 PM 
info: Data Getting Success from Contact || timestamp: 22-09-2023 5:15:2 PM 
info: Get Contact hit Received || timestamp: 22-09-2023 5:15:20 PM 
info: Get Contact hit Received || timestamp: 22-09-2023 5:15:20 PM 
info: Data Getting Success from Contact || timestamp: 22-09-2023 5:15:21 PM 
info: Data Getting Success from Contact || timestamp: 22-09-2023 5:15:21 PM 
info: Get Contact hit Received || timestamp: 22-09-2023 5:15:28 PM 
info: Data Getting Success from Contact || timestamp: 22-09-2023 5:15:28 PM 
info: Get Contact hit Received || timestamp: 22-09-2023 5:15:28 PM 
info: Data Getting Success from Contact || timestamp: 22-09-2023 5:15:28 PM 
info: Get Contact hit Received || timestamp: 22-09-2023 5:15:35 PM 
info: Data Getting Success from Contact || timestamp: 22-09-2023 5:15:35 PM 
info: Get Contact hit Received || timestamp: 22-09-2023 5:15:35 PM 
info: Data Getting Success from Contact || timestamp: 22-09-2023 5:15:35 PM 
info: Get Contact hit Received || timestamp: 22-09-2023 6:08:2 PM 
info: Data Getting Success from Contact || timestamp: 22-09-2023 6:08:2 PM 
info: Get Contact hit Received || timestamp: 22-09-2023 6:19:16 PM 
info: Data Getting Success from Contact || timestamp: 22-09-2023 6:19:16 PM 
