warn: Server started at with Environment :: dev || timestamp: 03-06-2023 12:59:1 PM 
info: Example app listening on port 1600! || timestamp: 03-06-2023 12:59:10 PM 
warn: DEV-Database connection Successfull || timestamp: 03-06-2023 12:59:10 PM 
info: Submit API hit reached || timestamp: 03-06-2023 1:04:36 PM 
info: Payload validation check || timestamp: 03-06-2023 1:04:36 PM 
info: Payload validation successfull || timestamp: 03-06-2023 1:04:36 PM 
info: data inserted to DB || timestamp: 03-06-2023 1:04:37 PM 
info: Email sent successfully to Ping || timestamp: 03-06-2023 1:04:38 PM 
info: Email sent successfully to Contacted Person || timestamp: 03-06-2023 1:04:39 PM 
info: Submit API hit reached || timestamp: 03-06-2023 1:04:57 PM 
info: Payload validation check || timestamp: 03-06-2023 1:04:57 PM 
info: Payload validation successfull || timestamp: 03-06-2023 1:04:57 PM 
info: data inserted to DB || timestamp: 03-06-2023 1:04:57 PM 
info: Email sent successfully to Ping || timestamp: 03-06-2023 1:04:58 PM 
info: Submit API hit reached || timestamp: 03-06-2023 1:04:58 PM 
info: Payload validation check || timestamp: 03-06-2023 1:04:58 PM 
info: Payload validation successfull || timestamp: 03-06-2023 1:04:58 PM 
error: Contact user reached limit || timestamp: 03-06-2023 1:04:58 PM 
info: Email sent successfully to Contacted Person || timestamp: 03-06-2023 1:04:59 PM 
warn: Server started at with Environment :: dev || timestamp: 03-06-2023 1:05:19 PM 
info: Example app listening on port 1600! || timestamp: 03-06-2023 1:05:20 PM 
warn: DEV-Database connection Successfull || timestamp: 03-06-2023 1:05:20 PM 
info: Submit API hit reached || timestamp: 03-06-2023 1:05:22 PM 
info: Payload validation check || timestamp: 03-06-2023 1:05:22 PM 
info: Payload validation successfull || timestamp: 03-06-2023 1:05:22 PM 
error: Contact user reached limit || timestamp: 03-06-2023 1:05:22 PM 
warn: Server started at with Environment :: dev || timestamp: 03-06-2023 1:09:6 PM 
info: Example app listening on port 1600! || timestamp: 03-06-2023 1:09:7 PM 
warn: DEV-Database connection Successfull || timestamp: 03-06-2023 1:09:7 PM 
info: Submit API hit reached || timestamp: 03-06-2023 1:09:9 PM 
info: Payload validation check || timestamp: 03-06-2023 1:09:9 PM 
info: Payload validation successfull || timestamp: 03-06-2023 1:09:9 PM 
error: Contact user reached limit || timestamp: 03-06-2023 1:09:9 PM 
warn: Server started at with Environment :: dev || timestamp: 03-06-2023 1:10:16 PM 
info: Example app listening on port 1600! || timestamp: 03-06-2023 1:10:17 PM 
warn: DEV-Database connection Successfull || timestamp: 03-06-2023 1:10:17 PM 
info: Submit API hit reached || timestamp: 03-06-2023 1:10:18 PM 
info: Payload validation check || timestamp: 03-06-2023 1:10:18 PM 
info: Payload validation successfull || timestamp: 03-06-2023 1:10:18 PM 
error: Contact user reached limit || timestamp: 03-06-2023 1:10:18 PM 
warn: Server started at with Environment :: dev || timestamp: 03-06-2023 1:11:11 PM 
info: Example app listening on port 1600! || timestamp: 03-06-2023 1:11:12 PM 
warn: DEV-Database connection Successfull || timestamp: 03-06-2023 1:11:12 PM 
info: Submit API hit reached || timestamp: 03-06-2023 1:11:13 PM 
info: Payload validation check || timestamp: 03-06-2023 1:11:14 PM 
info: Payload validation successfull || timestamp: 03-06-2023 1:11:14 PM 
error: Contact user reached limit || timestamp: 03-06-2023 1:11:14 PM 
warn: Server started at with Environment :: dev || timestamp: 03-06-2023 1:11:56 PM 
info: Example app listening on port 1600! || timestamp: 03-06-2023 1:11:57 PM 
warn: DEV-Database connection Successfull || timestamp: 03-06-2023 1:11:57 PM 
info: Submit API hit reached || timestamp: 03-06-2023 1:11:58 PM 
info: Payload validation check || timestamp: 03-06-2023 1:11:58 PM 
info: Payload validation successfull || timestamp: 03-06-2023 1:11:58 PM 
error: Contact user reached limit || timestamp: 03-06-2023 1:11:58 PM 
warn: Server started at with Environment :: dev || timestamp: 03-06-2023 1:13:26 PM 
info: Example app listening on port 1600! || timestamp: 03-06-2023 1:13:27 PM 
warn: DEV-Database connection Successfull || timestamp: 03-06-2023 1:13:27 PM 
info: Submit API hit reached || timestamp: 03-06-2023 1:13:31 PM 
info: Payload validation check || timestamp: 03-06-2023 1:13:31 PM 
info: Payload validation successfull || timestamp: 03-06-2023 1:13:31 PM 
error: Contact user reached limit || timestamp: 03-06-2023 1:13:31 PM 
warn: Server started at with Environment :: dev || timestamp: 03-06-2023 1:15:1 PM 
info: Example app listening on port 1600! || timestamp: 03-06-2023 1:15:2 PM 
warn: DEV-Database connection Successfull || timestamp: 03-06-2023 1:15:2 PM 
info: Submit API hit reached || timestamp: 03-06-2023 1:15:6 PM 
info: Payload validation check || timestamp: 03-06-2023 1:15:6 PM 
info: Payload validation successfull || timestamp: 03-06-2023 1:15:6 PM 
error: Contact user reached limit || timestamp: 03-06-2023 1:15:6 PM 
warn: Server started at with Environment :: dev || timestamp: 03-06-2023 1:15:57 PM 
info: Example app listening on port 1600! || timestamp: 03-06-2023 1:15:58 PM 
warn: DEV-Database connection Successfull || timestamp: 03-06-2023 1:15:58 PM 
info: Submit API hit reached || timestamp: 03-06-2023 1:16:8 PM 
info: Payload validation check || timestamp: 03-06-2023 1:16:8 PM 
info: Payload validation successfull || timestamp: 03-06-2023 1:16:8 PM 
error: Contact user reached limit || timestamp: 03-06-2023 1:16:9 PM 
warn: Server started at with Environment :: dev || timestamp: 03-06-2023 1:24:50 PM 
info: Example app listening on port 1600! || timestamp: 03-06-2023 1:24:51 PM 
warn: DEV-Database connection Successfull || timestamp: 03-06-2023 1:24:51 PM 
info: Submit API hit reached || timestamp: 03-06-2023 1:24:54 PM 
info: Payload validation check || timestamp: 03-06-2023 1:24:54 PM 
info: Payload validation successfull || timestamp: 03-06-2023 1:24:54 PM 
error: Contact user reached limit || timestamp: 03-06-2023 1:24:54 PM 
warn: Server started at with Environment :: dev || timestamp: 03-06-2023 2:07:20 PM 
info: Example app listening on port 1600! || timestamp: 03-06-2023 2:07:29 PM 
warn: DEV-Database connection Successfull || timestamp: 03-06-2023 2:07:29 PM 
info: Submit API hit reached || timestamp: 03-06-2023 2:07:31 PM 
info: Payload validation check || timestamp: 03-06-2023 2:07:31 PM 
info: Payload validation successfull || timestamp: 03-06-2023 2:07:31 PM 
error: Contact user reached limit || timestamp: 03-06-2023 2:07:31 PM 
warn: Server started at with Environment :: dev || timestamp: 03-06-2023 2:08:59 PM 
info: Example app listening on port 1600! || timestamp: 03-06-2023 2:09:0 PM 
warn: DEV-Database connection Successfull || timestamp: 03-06-2023 2:09:0 PM 
info: Submit API hit reached || timestamp: 03-06-2023 2:09:5 PM 
info: Payload validation check || timestamp: 03-06-2023 2:09:5 PM 
info: Payload validation successfull || timestamp: 03-06-2023 2:09:5 PM 
error: Contact user reached limit || timestamp: 03-06-2023 2:09:5 PM 
warn: Server started at with Environment :: dev || timestamp: 03-06-2023 2:10:13 PM 
info: Example app listening on port 1600! || timestamp: 03-06-2023 2:10:14 PM 
warn: DEV-Database connection Successfull || timestamp: 03-06-2023 2:10:14 PM 
info: Submit API hit reached || timestamp: 03-06-2023 2:10:15 PM 
info: Payload validation check || timestamp: 03-06-2023 2:10:15 PM 
info: Payload validation successfull || timestamp: 03-06-2023 2:10:15 PM 
error: Contact user reached limit || timestamp: 03-06-2023 2:10:15 PM 
warn: Server started at with Environment :: dev || timestamp: 03-06-2023 2:10:51 PM 
info: Example app listening on port 1600! || timestamp: 03-06-2023 2:10:52 PM 
warn: DEV-Database connection Successfull || timestamp: 03-06-2023 2:10:52 PM 
info: Submit API hit reached || timestamp: 03-06-2023 2:10:54 PM 
info: Payload validation check || timestamp: 03-06-2023 2:10:54 PM 
info: Payload validation successfull || timestamp: 03-06-2023 2:10:54 PM 
error: Contact user reached limit || timestamp: 03-06-2023 2:10:54 PM 
warn: Server started at with Environment :: dev || timestamp: 03-06-2023 2:11:21 PM 
info: Example app listening on port 1600! || timestamp: 03-06-2023 2:11:22 PM 
warn: DEV-Database connection Successfull || timestamp: 03-06-2023 2:11:22 PM 
info: Submit API hit reached || timestamp: 03-06-2023 2:11:24 PM 
info: Payload validation check || timestamp: 03-06-2023 2:11:24 PM 
info: Payload validation successfull || timestamp: 03-06-2023 2:11:24 PM 
info: data inserted to DB || timestamp: 03-06-2023 2:11:24 PM 
info: Email sent successfully to Ping || timestamp: 03-06-2023 2:11:25 PM 
info: Email sent successfully to Contacted Person || timestamp: 03-06-2023 2:11:27 PM 
info: Submit API hit reached || timestamp: 03-06-2023 2:11:28 PM 
info: Payload validation check || timestamp: 03-06-2023 2:11:28 PM 
info: Payload validation successfull || timestamp: 03-06-2023 2:11:28 PM 
error: Contact user reached limit || timestamp: 03-06-2023 2:11:28 PM 
warn: Server started at with Environment :: dev || timestamp: 03-06-2023 2:33:28 PM 
info: Example app listening on port 1600! || timestamp: 03-06-2023 2:33:29 PM 
warn: DEV-Database connection Successfull || timestamp: 03-06-2023 2:33:29 PM 
info: Submit API hit reached || timestamp: 03-06-2023 2:33:34 PM 
info: Payload validation check || timestamp: 03-06-2023 2:33:34 PM 
info: Payload validation successfull || timestamp: 03-06-2023 2:33:34 PM 
info: data inserted to DB || timestamp: 03-06-2023 2:33:34 PM 
error: htmlToSend is not defined || timestamp: 03-06-2023 2:33:34 PM 
warn: Server started at with Environment :: dev || timestamp: 03-06-2023 2:34:16 PM 
info: Example app listening on port 1600! || timestamp: 03-06-2023 2:34:17 PM 
warn: DEV-Database connection Successfull || timestamp: 03-06-2023 2:34:17 PM 
info: Submit API hit reached || timestamp: 03-06-2023 2:34:19 PM 
info: Payload validation check || timestamp: 03-06-2023 2:34:19 PM 
info: Payload validation successfull || timestamp: 03-06-2023 2:34:19 PM 
info: data inserted to DB || timestamp: 03-06-2023 2:34:19 PM 
info: Email sent successfully to Ping || timestamp: 03-06-2023 2:34:20 PM 
info: Email sent successfully to Contacted Person || timestamp: 03-06-2023 2:34:21 PM 
warn: Server started at with Environment :: dev || timestamp: 03-06-2023 2:35:17 PM 
info: Example app listening on port 1600! || timestamp: 03-06-2023 2:35:18 PM 
warn: DEV-Database connection Successfull || timestamp: 03-06-2023 2:35:18 PM 
info: Submit API hit reached || timestamp: 03-06-2023 2:35:25 PM 
info: Payload validation check || timestamp: 03-06-2023 2:35:25 PM 
info: Payload validation successfull || timestamp: 03-06-2023 2:35:25 PM 
info: data inserted to DB || timestamp: 03-06-2023 2:35:25 PM 
info: Email sent successfully to Ping || timestamp: 03-06-2023 2:35:27 PM 
info: Email sent successfully to Contacted Person || timestamp: 03-06-2023 2:35:28 PM 
warn: Server started at with Environment :: dev || timestamp: 03-06-2023 2:37:26 PM 
info: Example app listening on port 1600! || timestamp: 03-06-2023 2:37:27 PM 
warn: DEV-Database connection Successfull || timestamp: 03-06-2023 2:37:27 PM 
info: Submit API hit reached || timestamp: 03-06-2023 2:37:31 PM 
info: Payload validation check || timestamp: 03-06-2023 2:37:31 PM 
info: Payload validation successfull || timestamp: 03-06-2023 2:37:31 PM 
error: Contact user reached limit || timestamp: 03-06-2023 2:37:31 PM 
info: Submit API hit reached || timestamp: 03-06-2023 2:37:40 PM 
info: Payload validation check || timestamp: 03-06-2023 2:37:40 PM 
info: Payload validation successfull || timestamp: 03-06-2023 2:37:40 PM 
info: data inserted to DB || timestamp: 03-06-2023 2:37:40 PM 
warn: Server started at with Environment :: dev || timestamp: 03-06-2023 2:41:50 PM 
info: Example app listening on port 1600! || timestamp: 03-06-2023 2:41:51 PM 
warn: DEV-Database connection Successfull || timestamp: 03-06-2023 2:41:51 PM 
info: Submit API hit reached || timestamp: 03-06-2023 2:41:52 PM 
info: Payload validation check || timestamp: 03-06-2023 2:41:52 PM 
info: Payload validation successfull || timestamp: 03-06-2023 2:41:52 PM 
info: data inserted to DB || timestamp: 03-06-2023 2:41:52 PM 
warn: Server started at with Environment :: dev || timestamp: 03-06-2023 2:46:20 PM 
info: Example app listening on port 1600! || timestamp: 03-06-2023 2:46:22 PM 
warn: DEV-Database connection Successfull || timestamp: 03-06-2023 2:46:22 PM 
info: Submit API hit reached || timestamp: 03-06-2023 2:46:25 PM 
info: Payload validation check || timestamp: 03-06-2023 2:46:25 PM 
info: Payload validation successfull || timestamp: 03-06-2023 2:46:25 PM 
info: data inserted to DB || timestamp: 03-06-2023 2:46:25 PM 
warn: Server started at with Environment :: dev || timestamp: 03-06-2023 2:47:11 PM 
info: Example app listening on port 1600! || timestamp: 03-06-2023 2:47:12 PM 
warn: DEV-Database connection Successfull || timestamp: 03-06-2023 2:47:12 PM 
info: Submit API hit reached || timestamp: 03-06-2023 2:47:15 PM 
info: Payload validation check || timestamp: 03-06-2023 2:47:15 PM 
info: Payload validation successfull || timestamp: 03-06-2023 2:47:15 PM 
error: Contact user reached limit || timestamp: 03-06-2023 2:47:15 PM 
info: Submit API hit reached || timestamp: 03-06-2023 2:47:21 PM 
info: Payload validation check || timestamp: 03-06-2023 2:47:21 PM 
info: Payload validation successfull || timestamp: 03-06-2023 2:47:21 PM 
info: data inserted to DB || timestamp: 03-06-2023 2:47:21 PM 
warn: Server started at with Environment :: dev || timestamp: 03-06-2023 2:57:39 PM 
info: Example app listening on port 1600! || timestamp: 03-06-2023 2:57:40 PM 
warn: DEV-Database connection Successfull || timestamp: 03-06-2023 2:57:40 PM 
info: Submit API hit reached || timestamp: 03-06-2023 2:57:44 PM 
info: Payload validation check || timestamp: 03-06-2023 2:57:44 PM 
info: Payload validation successfull || timestamp: 03-06-2023 2:57:44 PM 
info: data inserted to DB || timestamp: 03-06-2023 2:57:44 PM 
warn: Server started at with Environment :: dev || timestamp: 03-06-2023 3:02:44 PM 
info: Example app listening on port 1600! || timestamp: 03-06-2023 3:02:45 PM 
warn: DEV-Database connection Successfull || timestamp: 03-06-2023 3:02:45 PM 
info: Submit API hit reached || timestamp: 03-06-2023 3:02:53 PM 
info: Payload validation check || timestamp: 03-06-2023 3:02:53 PM 
info: Payload validation successfull || timestamp: 03-06-2023 3:02:53 PM 
info: data inserted to DB || timestamp: 03-06-2023 3:02:53 PM 
info: Email sent successfully to Ping || timestamp: 03-06-2023 3:02:56 PM 
info: Email sent successfully to Contacted Person || timestamp: 03-06-2023 3:02:57 PM 
warn: Server started at with Environment :: dev || timestamp: 03-06-2023 3:39:49 PM 
info: Example app listening on port 1600! || timestamp: 03-06-2023 3:39:50 PM 
warn: DEV-Database connection Successfull || timestamp: 03-06-2023 3:39:50 PM 
info: Submit API hit reached || timestamp: 03-06-2023 3:40:8 PM 
info: Payload validation check || timestamp: 03-06-2023 3:40:8 PM 
info: Payload validation successfull || timestamp: 03-06-2023 3:40:8 PM 
info: data inserted to DB || timestamp: 03-06-2023 3:40:8 PM 
info: Email sent successfully to Ping || timestamp: 03-06-2023 3:40:9 PM 
warn: Server started at with Environment :: dev || timestamp: 03-06-2023 3:42:19 PM 
info: Example app listening on port 1600! || timestamp: 03-06-2023 3:42:20 PM 
warn: DEV-Database connection Successfull || timestamp: 03-06-2023 3:42:20 PM 
info: Submit API hit reached || timestamp: 03-06-2023 3:42:22 PM 
info: Payload validation check || timestamp: 03-06-2023 3:42:22 PM 
info: Payload validation successfull || timestamp: 03-06-2023 3:42:22 PM 
error: Contact user reached limit || timestamp: 03-06-2023 3:42:22 PM 
info: Submit API hit reached || timestamp: 03-06-2023 3:42:28 PM 
info: Payload validation check || timestamp: 03-06-2023 3:42:28 PM 
info: Payload validation successfull || timestamp: 03-06-2023 3:42:28 PM 
info: data inserted to DB || timestamp: 03-06-2023 3:42:28 PM 
info: Email sent successfully to Ping || timestamp: 03-06-2023 3:42:29 PM 
warn: Server started at with Environment :: dev || timestamp: 03-06-2023 3:43:42 PM 
info: Example app listening on port 1600! || timestamp: 03-06-2023 3:43:43 PM 
warn: DEV-Database connection Successfull || timestamp: 03-06-2023 3:43:43 PM 
info: Submit API hit reached || timestamp: 03-06-2023 3:43:46 PM 
info: Payload validation check || timestamp: 03-06-2023 3:43:46 PM 
info: Payload validation successfull || timestamp: 03-06-2023 3:43:46 PM 
info: data inserted to DB || timestamp: 03-06-2023 3:43:46 PM 
info: Email sent successfully to Ping || timestamp: 03-06-2023 3:43:47 PM 
warn: Server started at with Environment :: dev || timestamp: 03-06-2023 3:44:58 PM 
info: Example app listening on port 1600! || timestamp: 03-06-2023 3:44:58 PM 
warn: DEV-Database connection Successfull || timestamp: 03-06-2023 3:44:58 PM 
warn: Server started at with Environment :: dev || timestamp: 03-06-2023 3:45:5 PM 
info: Example app listening on port 1600! || timestamp: 03-06-2023 3:45:6 PM 
warn: DEV-Database connection Successfull || timestamp: 03-06-2023 3:45:6 PM 
info: Submit API hit reached || timestamp: 03-06-2023 3:45:8 PM 
info: Payload validation check || timestamp: 03-06-2023 3:45:8 PM 
info: Payload validation successfull || timestamp: 03-06-2023 3:45:8 PM 
info: data inserted to DB || timestamp: 03-06-2023 3:45:8 PM 
info: Email sent successfully to Ping || timestamp: 03-06-2023 3:45:9 PM 
warn: Server started at with Environment :: dev || timestamp: 03-06-2023 3:46:4 PM 
info: Example app listening on port 1600! || timestamp: 03-06-2023 3:46:5 PM 
warn: DEV-Database connection Successfull || timestamp: 03-06-2023 3:46:5 PM 
info: Submit API hit reached || timestamp: 03-06-2023 3:46:6 PM 
info: Payload validation check || timestamp: 03-06-2023 3:46:6 PM 
info: Payload validation successfull || timestamp: 03-06-2023 3:46:6 PM 
error: Contact user reached limit || timestamp: 03-06-2023 3:46:7 PM 
info: Submit API hit reached || timestamp: 03-06-2023 3:46:12 PM 
info: Payload validation check || timestamp: 03-06-2023 3:46:12 PM 
info: Payload validation successfull || timestamp: 03-06-2023 3:46:12 PM 
info: data inserted to DB || timestamp: 03-06-2023 3:46:12 PM 
info: Email sent successfully to Ping || timestamp: 03-06-2023 3:46:13 PM 
warn: Server started at with Environment :: dev || timestamp: 03-06-2023 3:48:40 PM 
info: Example app listening on port 1600! || timestamp: 03-06-2023 3:48:41 PM 
warn: DEV-Database connection Successfull || timestamp: 03-06-2023 3:48:41 PM 
info: Submit API hit reached || timestamp: 03-06-2023 3:48:43 PM 
info: Payload validation check || timestamp: 03-06-2023 3:48:43 PM 
info: Payload validation successfull || timestamp: 03-06-2023 3:48:43 PM 
info: data inserted to DB || timestamp: 03-06-2023 3:48:43 PM 
info: Email sent successfully to Ping || timestamp: 03-06-2023 3:48:44 PM 
warn: Server started at with Environment :: dev || timestamp: 03-06-2023 3:51:10 PM 
info: Example app listening on port 1600! || timestamp: 03-06-2023 3:51:11 PM 
warn: DEV-Database connection Successfull || timestamp: 03-06-2023 3:51:11 PM 
info: Submit API hit reached || timestamp: 03-06-2023 3:51:13 PM 
info: Payload validation check || timestamp: 03-06-2023 3:51:13 PM 
info: Payload validation successfull || timestamp: 03-06-2023 3:51:13 PM 
info: data inserted to DB || timestamp: 03-06-2023 3:51:13 PM 
info: Email sent successfully to Ping || timestamp: 03-06-2023 3:51:14 PM 
warn: Server started at with Environment :: dev || timestamp: 03-06-2023 3:55:47 PM 
info: Example app listening on port 1600! || timestamp: 03-06-2023 3:55:48 PM 
warn: DEV-Database connection Successfull || timestamp: 03-06-2023 3:55:48 PM 
info: Submit API hit reached || timestamp: 03-06-2023 3:55:52 PM 
info: Payload validation check || timestamp: 03-06-2023 3:55:52 PM 
info: Payload validation successfull || timestamp: 03-06-2023 3:55:52 PM 
error: Contact user reached limit || timestamp: 03-06-2023 3:55:52 PM 
info: Submit API hit reached || timestamp: 03-06-2023 3:56:6 PM 
info: Payload validation check || timestamp: 03-06-2023 3:56:6 PM 
info: Payload validation successfull || timestamp: 03-06-2023 3:56:6 PM 
info: data inserted to DB || timestamp: 03-06-2023 3:56:6 PM 
info: Email sent successfully to Ping || timestamp: 03-06-2023 3:56:7 PM 
warn: Server started at with Environment :: dev || timestamp: 03-06-2023 3:58:9 PM 
info: Example app listening on port 1600! || timestamp: 03-06-2023 3:58:10 PM 
warn: DEV-Database connection Successfull || timestamp: 03-06-2023 3:58:10 PM 
info: Submit API hit reached || timestamp: 03-06-2023 3:58:11 PM 
info: Payload validation check || timestamp: 03-06-2023 3:58:11 PM 
info: Payload validation successfull || timestamp: 03-06-2023 3:58:11 PM 
info: data inserted to DB || timestamp: 03-06-2023 3:58:11 PM 
info: Email sent successfully to Ping || timestamp: 03-06-2023 3:58:12 PM 
warn: Server started at with Environment :: dev || timestamp: 03-06-2023 3:58:49 PM 
info: Example app listening on port 1600! || timestamp: 03-06-2023 3:58:50 PM 
warn: DEV-Database connection Successfull || timestamp: 03-06-2023 3:58:50 PM 
info: Submit API hit reached || timestamp: 03-06-2023 3:58:51 PM 
info: Payload validation check || timestamp: 03-06-2023 3:58:51 PM 
info: Payload validation successfull || timestamp: 03-06-2023 3:58:51 PM 
info: data inserted to DB || timestamp: 03-06-2023 3:58:51 PM 
info: Email sent successfully to Ping || timestamp: 03-06-2023 3:58:52 PM 
warn: Server started at with Environment :: dev || timestamp: 03-06-2023 3:59:12 PM 
info: Example app listening on port 1600! || timestamp: 03-06-2023 3:59:13 PM 
warn: DEV-Database connection Successfull || timestamp: 03-06-2023 3:59:13 PM 
info: Submit API hit reached || timestamp: 03-06-2023 3:59:18 PM 
info: Payload validation check || timestamp: 03-06-2023 3:59:18 PM 
info: Payload validation successfull || timestamp: 03-06-2023 3:59:18 PM 
error: Contact user reached limit || timestamp: 03-06-2023 3:59:18 PM 
info: Submit API hit reached || timestamp: 03-06-2023 3:59:23 PM 
info: Payload validation check || timestamp: 03-06-2023 3:59:23 PM 
info: Payload validation successfull || timestamp: 03-06-2023 3:59:23 PM 
info: data inserted to DB || timestamp: 03-06-2023 3:59:23 PM 
info: Email sent successfully to Ping || timestamp: 03-06-2023 3:59:24 PM 
warn: Server started at with Environment :: dev || timestamp: 03-06-2023 4:00:0 PM 
info: Example app listening on port 1600! || timestamp: 03-06-2023 4:00:1 PM 
warn: DEV-Database connection Successfull || timestamp: 03-06-2023 4:00:1 PM 
info: Submit API hit reached || timestamp: 03-06-2023 4:00:3 PM 
info: Payload validation check || timestamp: 03-06-2023 4:00:3 PM 
info: Payload validation successfull || timestamp: 03-06-2023 4:00:3 PM 
info: data inserted to DB || timestamp: 03-06-2023 4:00:3 PM 
info: Email sent successfully to Ping || timestamp: 03-06-2023 4:00:4 PM 
warn: Server started at with Environment :: dev || timestamp: 03-06-2023 4:02:33 PM 
info: Example app listening on port 1600! || timestamp: 03-06-2023 4:02:34 PM 
warn: DEV-Database connection Successfull || timestamp: 03-06-2023 4:02:34 PM 
info: Submit API hit reached || timestamp: 03-06-2023 4:02:36 PM 
info: Payload validation check || timestamp: 03-06-2023 4:02:36 PM 
info: Payload validation successfull || timestamp: 03-06-2023 4:02:36 PM 
info: data inserted to DB || timestamp: 03-06-2023 4:02:36 PM 
info: Email sent successfully to Ping || timestamp: 03-06-2023 4:02:38 PM 
warn: Server started at with Environment :: dev || timestamp: 03-06-2023 4:05:8 PM 
info: Example app listening on port 1600! || timestamp: 03-06-2023 4:05:9 PM 
warn: DEV-Database connection Successfull || timestamp: 03-06-2023 4:05:9 PM 
info: Submit API hit reached || timestamp: 03-06-2023 4:05:10 PM 
info: Payload validation check || timestamp: 03-06-2023 4:05:10 PM 
info: Payload validation successfull || timestamp: 03-06-2023 4:05:10 PM 
error: Contact user reached limit || timestamp: 03-06-2023 4:05:10 PM 
info: Submit API hit reached || timestamp: 03-06-2023 4:05:16 PM 
info: Payload validation check || timestamp: 03-06-2023 4:05:16 PM 
info: Payload validation successfull || timestamp: 03-06-2023 4:05:16 PM 
info: data inserted to DB || timestamp: 03-06-2023 4:05:16 PM 
info: Email sent successfully to Ping || timestamp: 03-06-2023 4:05:17 PM 
warn: Server started at with Environment :: dev || timestamp: 03-06-2023 4:06:17 PM 
info: Example app listening on port 1600! || timestamp: 03-06-2023 4:06:18 PM 
warn: DEV-Database connection Successfull || timestamp: 03-06-2023 4:06:18 PM 
info: Submit API hit reached || timestamp: 03-06-2023 4:06:20 PM 
info: Payload validation check || timestamp: 03-06-2023 4:06:20 PM 
info: Payload validation successfull || timestamp: 03-06-2023 4:06:20 PM 
info: data inserted to DB || timestamp: 03-06-2023 4:06:20 PM 
info: Email sent successfully to Ping || timestamp: 03-06-2023 4:06:21 PM 
warn: Server started at with Environment :: dev || timestamp: 03-06-2023 4:07:2 PM 
info: Example app listening on port 1600! || timestamp: 03-06-2023 4:07:3 PM 
warn: DEV-Database connection Successfull || timestamp: 03-06-2023 4:07:3 PM 
info: Submit API hit reached || timestamp: 03-06-2023 4:07:4 PM 
info: Payload validation check || timestamp: 03-06-2023 4:07:4 PM 
info: Payload validation successfull || timestamp: 03-06-2023 4:07:4 PM 
info: data inserted to DB || timestamp: 03-06-2023 4:07:4 PM 
error: The "path" argument must be of type string or an instance of Buffer or URL. Received an instance of Object || timestamp: 03-06-2023 4:07:4 PM 
info: Email sent successfully to Ping || timestamp: 03-06-2023 4:07:5 PM 
warn: Server started at with Environment :: dev || timestamp: 03-06-2023 4:08:5 PM 
info: Example app listening on port 1600! || timestamp: 03-06-2023 4:08:5 PM 
warn: DEV-Database connection Successfull || timestamp: 03-06-2023 4:08:5 PM 
info: Submit API hit reached || timestamp: 03-06-2023 4:08:8 PM 
info: Payload validation check || timestamp: 03-06-2023 4:08:8 PM 
info: Payload validation successfull || timestamp: 03-06-2023 4:08:8 PM 
error: Contact user reached limit || timestamp: 03-06-2023 4:08:8 PM 
info: Submit API hit reached || timestamp: 03-06-2023 4:08:15 PM 
info: Payload validation check || timestamp: 03-06-2023 4:08:15 PM 
info: Payload validation successfull || timestamp: 03-06-2023 4:08:15 PM 
info: data inserted to DB || timestamp: 03-06-2023 4:08:15 PM 
info: Email sent successfully to Ping || timestamp: 03-06-2023 4:08:16 PM 
info: Email sent successfully to Contacted Person || timestamp: 03-06-2023 4:08:16 PM 
warn: Server started at with Environment :: dev || timestamp: 03-06-2023 4:09:48 PM 
info: Example app listening on port 1600! || timestamp: 03-06-2023 4:09:49 PM 
warn: DEV-Database connection Successfull || timestamp: 03-06-2023 4:09:49 PM 
info: Submit API hit reached || timestamp: 03-06-2023 4:10:6 PM 
info: Payload validation check || timestamp: 03-06-2023 4:10:6 PM 
info: Payload validation successfull || timestamp: 03-06-2023 4:10:6 PM 
info: data inserted to DB || timestamp: 03-06-2023 4:10:6 PM 
info: Email sent successfully to Ping || timestamp: 03-06-2023 4:10:8 PM 
info: Email sent successfully to Contacted Person || timestamp: 03-06-2023 4:10:8 PM 
warn: Server started at with Environment :: dev || timestamp: 03-06-2023 4:12:30 PM 
info: Example app listening on port 1600! || timestamp: 03-06-2023 4:12:31 PM 
warn: DEV-Database connection Successfull || timestamp: 03-06-2023 4:12:31 PM 
info: Submit API hit reached || timestamp: 03-06-2023 4:12:32 PM 
info: Payload validation check || timestamp: 03-06-2023 4:12:32 PM 
info: Payload validation successfull || timestamp: 03-06-2023 4:12:32 PM 
info: data inserted to DB || timestamp: 03-06-2023 4:12:32 PM 
info: Email sent successfully to Ping || timestamp: 03-06-2023 4:12:33 PM 
info: Email sent successfully to Contacted Person || timestamp: 03-06-2023 4:12:33 PM 
warn: Server started at with Environment :: dev || timestamp: 03-06-2023 4:15:48 PM 
info: Example app listening on port 1600! || timestamp: 03-06-2023 4:15:49 PM 
warn: DEV-Database connection Successfull || timestamp: 03-06-2023 4:15:49 PM 
info: Submit API hit reached || timestamp: 03-06-2023 4:15:55 PM 
info: Payload validation check || timestamp: 03-06-2023 4:15:55 PM 
info: Payload validation successfull || timestamp: 03-06-2023 4:15:55 PM 
error: Contact user reached limit || timestamp: 03-06-2023 4:15:55 PM 
info: Submit API hit reached || timestamp: 03-06-2023 4:17:8 PM 
info: Payload validation check || timestamp: 03-06-2023 4:17:8 PM 
info: Payload validation successfull || timestamp: 03-06-2023 4:17:8 PM 
info: data inserted to DB || timestamp: 03-06-2023 4:17:8 PM 
info: Email sent successfully to Contacted Person || timestamp: 03-06-2023 4:17:9 PM 
info: Email sent successfully to Ping || timestamp: 03-06-2023 4:17:9 PM 
warn: Server started at with Environment :: dev || timestamp: 03-06-2023 5:15:45 PM 
info: Example app listening on port 1600! || timestamp: 03-06-2023 5:15:46 PM 
warn: DEV-Database connection Successfull || timestamp: 03-06-2023 5:15:46 PM 
info: Submit API hit reached || timestamp: 03-06-2023 5:15:54 PM 
info: Payload validation check || timestamp: 03-06-2023 5:15:54 PM 
info: Payload validation successfull || timestamp: 03-06-2023 5:15:54 PM 
info: data inserted to DB || timestamp: 03-06-2023 5:15:54 PM 
error: Something went wrong at Ping Mail || timestamp: 03-06-2023 5:15:55 PM 
info: Email sent successfully to Contacted Person || timestamp: 03-06-2023 5:15:56 PM 
